[    0.000000] Linux version 4.15.0-91-generic (buildd@lgw01-amd64-013) (gcc version 7.4.0 (Ubuntu 7.4.0-1ubuntu1~18.04.1)) #92-Ubuntu SMP Fri Feb 28 11:09:48 UTC 2020 (Ubuntu 4.15.0-91.92-generic 4.15.18)
[    0.000000] Command line: BOOT_IMAGE=/boot/vmlinuz-4.15.0-91-generic root=LABEL=cloudimg-rootfs ro console=tty1 console=ttyS0
[    0.000000] KERNEL supported cpus:
[    0.000000]   Intel GenuineIntel
[    0.000000]   AMD AuthenticAMD
[    0.000000]   Centaur CentaurHauls
[    0.000000] x86/fpu: Supporting XSAVE feature 0x001: 'x87 floating point registers'
[    0.000000] x86/fpu: Supporting XSAVE feature 0x002: 'SSE registers'
[    0.000000] x86/fpu: Supporting XSAVE feature 0x004: 'AVX registers'
[    0.000000] x86/fpu: xstate_offset[2]:  576, xstate_sizes[2]:  256
[    0.000000] x86/fpu: Enabled xstate features 0x7, context size is 832 bytes, using 'standard' format.
[    0.000000] e820: BIOS-provided physical RAM map:
[    0.000000] BIOS-e820: [mem 0x0000000000000000-0x000000000009fbff] usable
[    0.000000] BIOS-e820: [mem 0x000000000009fc00-0x000000000009ffff] reserved
[    0.000000] BIOS-e820: [mem 0x00000000000f0000-0x00000000000fffff] reserved
[    0.000000] BIOS-e820: [mem 0x0000000000100000-0x00000000dffeffff] usable
[    0.000000] BIOS-e820: [mem 0x00000000dfff0000-0x00000000dfffffff] ACPI data
[    0.000000] BIOS-e820: [mem 0x00000000fec00000-0x00000000fec00fff] reserved
[    0.000000] BIOS-e820: [mem 0x00000000fee00000-0x00000000fee00fff] reserved
[    0.000000] BIOS-e820: [mem 0x00000000fffc0000-0x00000000ffffffff] reserved
[    0.000000] BIOS-e820: [mem 0x0000000100000000-0x000000011fffffff] usable
[    0.000000] NX (Execute Disable) protection: active
[    0.000000] SMBIOS 2.5 present.
[    0.000000] DMI: innotek GmbH VirtualBox/VirtualBox, BIOS VirtualBox 12/01/2006
[    0.000000] Hypervisor detected: KVM
[    0.000000] e820: last_pfn = 0x120000 max_arch_pfn = 0x400000000
[    0.000000] MTRR: Disabled
[    0.000000] x86/PAT: MTRRs disabled, skipping PAT initialization too.
[    0.000000] CPU MTRRs all blank - virtualized system.
[    0.000000] x86/PAT: Configuration [0-7]: WB  WT  UC- UC  WB  WT  UC- UC  
[    0.000000] e820: last_pfn = 0xdfff0 max_arch_pfn = 0x400000000
[    0.000000] found SMP MP-table at [mem 0x0009fff0-0x0009ffff]
[    0.000000] Scanning 1 areas for low memory corruption
[    0.000000] RAMDISK: [mem 0x35961000-0x36ca7fff]
[    0.000000] ACPI: Early table checksum verification disabled
[    0.000000] ACPI: RSDP 0x00000000000E0000 000024 (v02 VBOX  )
[    0.000000] ACPI: XSDT 0x00000000DFFF0030 00003C (v01 VBOX   VBOXXSDT 00000001 ASL  00000061)
[    0.000000] ACPI: FACP 0x00000000DFFF00F0 0000F4 (v04 VBOX   VBOXFACP 00000001 ASL  00000061)
[    0.000000] ACPI: DSDT 0x00000000DFFF0470 0022EA (v02 VBOX   VBOXBIOS 00000002 INTL 20180105)
[    0.000000] ACPI: FACS 0x00000000DFFF0200 000040
[    0.000000] ACPI: FACS 0x00000000DFFF0200 000040
[    0.000000] ACPI: APIC 0x00000000DFFF0240 00005C (v02 VBOX   VBOXAPIC 00000001 ASL  00000061)
[    0.000000] ACPI: SSDT 0x00000000DFFF02A0 0001CC (v01 VBOX   VBOXCPUT 00000002 INTL 20180105)
[    0.000000] No NUMA configuration found
[    0.000000] Faking a node at [mem 0x0000000000000000-0x000000011fffffff]
[    0.000000] NODE_DATA(0) allocated [mem 0x11ffd1000-0x11fffbfff]
[    0.000000] kvm-clock: cpu 0, msr 1:1ff50001, primary cpu clock
[    0.000000] kvm-clock: Using msrs 4b564d01 and 4b564d00
[    0.000000] kvm-clock: using sched offset of 3481978086 cycles
[    0.000000] clocksource: kvm-clock: mask: 0xffffffffffffffff max_cycles: 0x1cd42e4dffb, max_idle_ns: 881590591483 ns
[    0.000000] Zone ranges:
[    0.000000]   DMA      [mem 0x0000000000001000-0x0000000000ffffff]
[    0.000000]   DMA32    [mem 0x0000000001000000-0x00000000ffffffff]
[    0.000000]   Normal   [mem 0x0000000100000000-0x000000011fffffff]
[    0.000000]   Device   empty
[    0.000000] Movable zone start for each node
[    0.000000] Early memory node ranges
[    0.000000]   node   0: [mem 0x0000000000001000-0x000000000009efff]
[    0.000000]   node   0: [mem 0x0000000000100000-0x00000000dffeffff]
[    0.000000]   node   0: [mem 0x0000000100000000-0x000000011fffffff]
[    0.000000] Reserved but unavailable: 98 pages
[    0.000000] Initmem setup node 0 [mem 0x0000000000001000-0x000000011fffffff]
[    0.000000] ACPI: PM-Timer IO Port: 0x4008
[    0.000000] IOAPIC[0]: apic_id 2, version 32, address 0xfec00000, GSI 0-23
[    0.000000] ACPI: INT_SRC_OVR (bus 0 bus_irq 0 global_irq 2 dfl dfl)
[    0.000000] ACPI: INT_SRC_OVR (bus 0 bus_irq 9 global_irq 9 low level)
[    0.000000] Using ACPI (MADT) for SMP configuration information
[    0.000000] smpboot: Allowing 2 CPUs, 0 hotplug CPUs
[    0.000000] PM: Registered nosave memory: [mem 0x00000000-0x00000fff]
[    0.000000] PM: Registered nosave memory: [mem 0x0009f000-0x0009ffff]
[    0.000000] PM: Registered nosave memory: [mem 0x000a0000-0x000effff]
[    0.000000] PM: Registered nosave memory: [mem 0x000f0000-0x000fffff]
[    0.000000] PM: Registered nosave memory: [mem 0xdfff0000-0xdfffffff]
[    0.000000] PM: Registered nosave memory: [mem 0xe0000000-0xfebfffff]
[    0.000000] PM: Registered nosave memory: [mem 0xfec00000-0xfec00fff]
[    0.000000] PM: Registered nosave memory: [mem 0xfec01000-0xfedfffff]
[    0.000000] PM: Registered nosave memory: [mem 0xfee00000-0xfee00fff]
[    0.000000] PM: Registered nosave memory: [mem 0xfee01000-0xfffbffff]
[    0.000000] PM: Registered nosave memory: [mem 0xfffc0000-0xffffffff]
[    0.000000] e820: [mem 0xe0000000-0xfebfffff] available for PCI devices
[    0.000000] Booting paravirtualized kernel on KVM
[    0.000000] clocksource: refined-jiffies: mask: 0xffffffff max_cycles: 0xffffffff, max_idle_ns: 7645519600211568 ns
[    0.000000] random: get_random_bytes called from start_kernel+0x99/0x4fd with crng_init=0
[    0.000000] setup_percpu: NR_CPUS:8192 nr_cpumask_bits:2 nr_cpu_ids:2 nr_node_ids:1
[    0.000000] percpu: Embedded 45 pages/cpu s147456 r8192 d28672 u1048576
[    0.000000] PV qspinlock hash table entries: 256 (order: 0, 4096 bytes)
[    0.000000] Built 1 zonelists, mobility grouping on.  Total pages: 1032057
[    0.000000] Policy zone: Normal
[    0.000000] Kernel command line: BOOT_IMAGE=/boot/vmlinuz-4.15.0-91-generic root=LABEL=cloudimg-rootfs ro console=tty1 console=ttyS0
[    0.000000] Memory: 4013136K/4193848K available (12300K kernel code, 2481K rwdata, 4264K rodata, 2432K init, 2712K bss, 180712K reserved, 0K cma-reserved)
[    0.000000] SLUB: HWalign=64, Order=0-3, MinObjects=0, CPUs=2, Nodes=1
[    0.000000] Kernel/User page tables isolation: enabled
[    0.000000] ftrace: allocating 39347 entries in 154 pages
[    0.004000] Hierarchical RCU implementation.
[    0.004000] 	RCU restricting CPUs from NR_CPUS=8192 to nr_cpu_ids=2.
[    0.004000] 	Tasks RCU enabled.
[    0.004000] RCU: Adjusting geometry for rcu_fanout_leaf=16, nr_cpu_ids=2
[    0.004000] NR_IRQS: 524544, nr_irqs: 440, preallocated irqs: 16
[    0.004000] Console: colour VGA+ 80x25
[    0.004000] console [tty1] enabled
[    0.004000] console [ttyS0] enabled
[    0.004000] ACPI: Core revision 20170831
[    0.004000] ACPI: 2 ACPI AML tables successfully acquired and loaded
[    0.004000] APIC: Switch to symmetric I/O mode setup
[    0.004000] x2apic enabled
[    0.004000] Switched APIC routing to physical x2apic.
[    0.004000] ..TIMER: vector=0x30 apic1=0 pin1=2 apic2=-1 pin2=-1
[    0.004004] tsc: Detected 2807.998 MHz processor
[    0.004744] Calibrating delay loop (skipped) preset value.. 5615.99 BogoMIPS (lpj=11231992)
[    0.005458] pid_max: default: 32768 minimum: 301
[    0.006352] Security Framework initialized
[    0.007068] Yama: becoming mindful.
[    0.008047] AppArmor: AppArmor initialized
[    0.010166] Dentry cache hash table entries: 524288 (order: 10, 4194304 bytes)
[    0.012728] Inode-cache hash table entries: 262144 (order: 9, 2097152 bytes)
[    0.013939] Mount-cache hash table entries: 8192 (order: 4, 65536 bytes)
[    0.015054] Mountpoint-cache hash table entries: 8192 (order: 4, 65536 bytes)
[    0.016277] Last level iTLB entries: 4KB 64, 2MB 8, 4MB 8
[    0.017191] Last level dTLB entries: 4KB 64, 2MB 0, 4MB 0, 1GB 4
[    0.018166] Spectre V1 : Mitigation: usercopy/swapgs barriers and __user pointer sanitization
[    0.019636] Spectre V2 : Mitigation: Full generic retpoline
[    0.020003] Spectre V2 : Spectre v2 / SpectreRSB mitigation: Filling RSB on context switch
[    0.021369] Speculative Store Bypass: Vulnerable
[    0.024048] MDS: Mitigation: Clear CPU buffers
[    0.025094] Freeing SMP alternatives memory: 36K
[    0.138618] smpboot: CPU0: Intel(R) Core(TM) i7-7700HQ CPU @ 2.80GHz (family: 0x6, model: 0x9e, stepping: 0x9)
[    0.140000] Performance Events: unsupported p6 CPU model 158 no PMU driver, software events only.
[    0.140000] Hierarchical SRCU implementation.
[    0.140691] NMI watchdog: Perf event create on CPU 0 failed with -2
[    0.141786] NMI watchdog: Perf NMI watchdog permanently disabled
[    0.142981] smp: Bringing up secondary CPUs ...
[    0.144079] x86: Booting SMP configuration:
[    0.144919] .... node  #0, CPUs:      #1
[    0.004000] kvm-clock: cpu 1, msr 1:1ff50041, secondary cpu clock
[    0.148020] smp: Brought up 1 node, 2 CPUs
[    0.148752] smpboot: Max logical packages: 1
[    0.149567] smpboot: Total of 2 processors activated (11231.99 BogoMIPS)
[    0.150825] devtmpfs: initialized
[    0.152056] x86/mm: Memory block size: 128MB
[    0.153132] evm: security.selinux
[    0.153716] evm: security.SMACK64
[    0.154295] evm: security.SMACK64EXEC
[    0.154920] evm: security.SMACK64TRANSMUTE
[    0.155611] evm: security.SMACK64MMAP
[    0.156005] evm: security.apparmor
[    0.156612] evm: security.ima
[    0.157151] evm: security.capability
[    0.157858] clocksource: jiffies: mask: 0xffffffff max_cycles: 0xffffffff, max_idle_ns: 7645041785100000 ns
[    0.160014] futex hash table entries: 512 (order: 3, 32768 bytes)
[    0.161096] pinctrl core: initialized pinctrl subsystem
[    0.162050] RTC time: 19:08:23, date: 06/17/20
[    0.164183] NET: Registered protocol family 16
[    0.164984] audit: initializing netlink subsys (disabled)
[    0.165898] audit: type=2000 audit(1592420909.219:1): state=initialized audit_enabled=0 res=1
[    0.165898] cpuidle: using governor ladder
[    0.168006] cpuidle: using governor menu
[    0.168706] ACPI: bus type PCI registered
[    0.169427] acpiphp: ACPI Hot Plug PCI Controller Driver version: 0.5
[    0.170538] PCI: Using configuration type 1 for base access
[    0.172478] HugeTLB registered 2.00 MiB page size, pre-allocated 0 pages
[    0.173187] ACPI: Added _OSI(Module Device)
[    0.173187] ACPI: Added _OSI(Processor Device)
[    0.173550] ACPI: Added _OSI(3.0 _SCP Extensions)
[    0.176003] ACPI: Added _OSI(Processor Aggregator Device)
[    0.176914] ACPI: Added _OSI(Linux-Dell-Video)
[    0.177627] ACPI: Added _OSI(Linux-Lenovo-NV-HDMI-Audio)
[    0.178494] ACPI: Added _OSI(Linux-HPI-Hybrid-Graphics)
[    0.180182] ACPI: Executed 1 blocks of module-level executable AML code
[    0.184135] ACPI: Interpreter enabled
[    0.184848] ACPI: (supports S0 S5)
[    0.185425] ACPI: Using IOAPIC for interrupt routing
[    0.186457] PCI: Using host bridge windows from ACPI; if necessary, use "pci=nocrs" and report a bug
[    0.188064] ACPI: Enabled 2 GPEs in block 00 to 07
[    0.193759] ACPI: PCI Root Bridge [PCI0] (domain 0000 [bus 00-ff])
[    0.194863] acpi PNP0A03:00: _OSC: OS supports [ASPM ClockPM Segments MSI]
[    0.196364] acpi PNP0A03:00: _OSC: not requesting OS control; OS requires [ExtendedConfig ASPM ClockPM MSI]
[    0.197956] acpi PNP0A03:00: fail to add MMCONFIG information, can't access extended PCI configuration space under this bridge.
[    0.200088] PCI host bridge to bus 0000:00
[    0.200794] pci_bus 0000:00: root bus resource [io  0x0000-0x0cf7 window]
[    0.201899] pci_bus 0000:00: root bus resource [io  0x0d00-0xffff window]
[    0.202966] pci_bus 0000:00: root bus resource [mem 0x000a0000-0x000bffff window]
[    0.204003] pci_bus 0000:00: root bus resource [mem 0xe0000000-0xfdffffff window]
[    0.205223] pci_bus 0000:00: root bus resource [bus 00-ff]
[    0.207551] pci 0000:00:01.1: legacy IDE quirk: reg 0x10: [io  0x01f0-0x01f7]
[    0.208003] pci 0000:00:01.1: legacy IDE quirk: reg 0x14: [io  0x03f6]
[    0.209098] pci 0000:00:01.1: legacy IDE quirk: reg 0x18: [io  0x0170-0x0177]
[    0.210211] pci 0000:00:01.1: legacy IDE quirk: reg 0x1c: [io  0x0376]
[    0.246825] pci 0000:00:07.0: quirk: [io  0x4000-0x403f] claimed by PIIX4 ACPI
[    0.248014] pci 0000:00:07.0: quirk: [io  0x4100-0x410f] claimed by PIIX4 SMB
[    0.270749] ACPI: PCI Interrupt Link [LNKA] (IRQs 5 9 10 *11)
[    0.272303] ACPI: PCI Interrupt Link [LNKB] (IRQs 5 9 *10 11)
[    0.273357] ACPI: PCI Interrupt Link [LNKC] (IRQs 5 *9 10 11)
[    0.274396] ACPI: PCI Interrupt Link [LNKD] (IRQs 5 9 10 *11)
[    0.276158] SCSI subsystem initialized
[    0.276864] pci 0000:00:02.0: vgaarb: setting as boot VGA device
[    0.277025] pci 0000:00:02.0: vgaarb: VGA device added: decodes=io+mem,owns=io+mem,locks=none
[    0.278426] pci 0000:00:02.0: vgaarb: bridge control possible
[    0.280009] vgaarb: loaded
[    0.280533] ACPI: bus type USB registered
[    0.281248] usbcore: registered new interface driver usbfs
[    0.282152] usbcore: registered new interface driver hub
[    0.283058] usbcore: registered new device driver usb
[    0.284064] EDAC MC: Ver: 3.0.0
[    0.284776] PCI: Using ACPI for IRQ routing
[    0.284989] NetLabel: Initializing
[    0.285584] NetLabel:  domain hash size = 128
[    0.288011] NetLabel:  protocols = UNLABELED CIPSOv4 CALIPSO
[    0.288984] NetLabel:  unlabeled traffic allowed by default
[    0.289927] clocksource: Switched to clocksource kvm-clock
[    0.301448] VFS: Disk quotas dquot_6.6.0
[    0.302266] VFS: Dquot-cache hash table entries: 512 (order 0, 4096 bytes)
[    0.303432] AppArmor: AppArmor Filesystem Enabled
[    0.304335] pnp: PnP ACPI init
[    0.305704] pnp: PnP ACPI: found 3 devices
[    0.314024] clocksource: acpi_pm: mask: 0xffffff max_cycles: 0xffffff, max_idle_ns: 2085701024 ns
[    0.315611] NET: Registered protocol family 2
[    0.316611] TCP established hash table entries: 32768 (order: 6, 262144 bytes)
[    0.317852] TCP bind hash table entries: 32768 (order: 7, 524288 bytes)
[    0.318988] TCP: Hash tables configured (established 32768 bind 32768)
[    0.320045] UDP hash table entries: 2048 (order: 4, 65536 bytes)
[    0.321182] UDP-Lite hash table entries: 2048 (order: 4, 65536 bytes)
[    0.322279] NET: Registered protocol family 1
[    0.323012] pci 0000:00:00.0: Limiting direct PCI/PCI transfers
[    0.323980] pci 0000:00:01.0: Activating ISA DMA hang workarounds
[    0.325019] pci 0000:00:02.0: Video device with shadowed ROM at [mem 0x000c0000-0x000dffff]
[    0.326490] Unpacking initramfs...
[    0.578643] Freeing initrd memory: 19740K
[    0.579501] PCI-DMA: Using software bounce buffering for IO (SWIOTLB)
[    0.580596] software IO TLB: mapped [mem 0xdbff0000-0xdfff0000] (64MB)
[    0.581845] clocksource: tsc: mask: 0xffffffffffffffff max_cycles: 0x2879c456dd4, max_idle_ns: 440795285767 ns
[    0.583453] platform rtc_cmos: registered platform RTC device (no PNP device found)
[    0.584782] Scanning for low memory corruption every 60 seconds
[    0.586906] Initialise system trusted keyrings
[    0.587693] Key type blacklist registered
[    0.588443] workingset: timestamp_bits=36 max_order=20 bucket_order=0
[    0.590967] zbud: loaded
[    0.592020] squashfs: version 4.0 (2009/01/31) Phillip Lougher
[    0.593214] fuse init (API version 7.26)
[    0.595897] Key type asymmetric registered
[    0.596655] Asymmetric key parser 'x509' registered
[    0.597540] Block layer SCSI generic (bsg) driver version 0.4 loaded (major 246)
[    0.598844] io scheduler noop registered
[    0.599491] io scheduler deadline registered
[    0.600264] io scheduler cfq registered (default)
[    0.601347] ACPI: AC Adapter [AC] (on-line)
[    0.602122] input: Power Button as /devices/LNXSYSTM:00/LNXPWRBN:00/input/input0
[    0.603460] ACPI: Power Button [PWRF]
[    0.604147] input: Sleep Button as /devices/LNXSYSTM:00/LNXSLPBN:00/input/input1
[    0.605401] ACPI: Sleep Button [SLPF]
[    0.606961] ACPI: Battery Slot [BAT0] (battery present)
[    0.609082] Serial: 8250/16550 driver, 32 ports, IRQ sharing enabled
[    0.631315] 00:02: ttyS0 at I/O 0x3f8 (irq = 4, base_baud = 115200) is a 16550A
[    0.634873] Linux agpgart interface v0.103
[    0.637833] loop: module loaded
[    0.638988] scsi host0: ata_piix
[    0.639728] scsi host1: ata_piix
[    0.640444] ata1: PATA max UDMA/33 cmd 0x1f0 ctl 0x3f6 bmdma 0xd000 irq 14
[    0.641574] ata2: PATA max UDMA/33 cmd 0x170 ctl 0x376 bmdma 0xd008 irq 15
[    0.642800] libphy: Fixed MDIO Bus: probed
[    0.643514] tun: Universal TUN/TAP device driver, 1.6
[    0.644473] PPP generic driver version 2.4.2
[    0.645285] ehci_hcd: USB 2.0 'Enhanced' Host Controller (EHCI) Driver
[    0.646364] ehci-pci: EHCI PCI platform driver
[    0.647129] ehci-platform: EHCI generic platform driver
[    0.648010] ohci_hcd: USB 1.1 'Open' Host Controller (OHCI) Driver
[    0.649054] ohci-pci: OHCI PCI platform driver
[    0.649842] ohci-platform: OHCI generic platform driver
[    0.650717] uhci_hcd: USB Universal Host Controller Interface driver
[    0.651803] i8042: PNP: PS/2 Controller [PNP0303:PS2K,PNP0f03:PS2M] at 0x60,0x64 irq 1,12
[    0.653611] serio: i8042 KBD port at 0x60,0x64 irq 1
[    0.654470] serio: i8042 AUX port at 0x60,0x64 irq 12
[    0.655447] mousedev: PS/2 mouse device common for all mice
[    0.656978] input: AT Translated Set 2 keyboard as /devices/platform/i8042/serio0/input/input2
[    0.658624] rtc_cmos rtc_cmos: rtc core: registered rtc_cmos as rtc0
[    0.659886] rtc_cmos rtc_cmos: alarms up to one day, 114 bytes nvram
[    0.660978] i2c /dev entries driver
[    0.661643] device-mapper: uevent: version 1.0.3
[    0.662547] device-mapper: ioctl: 4.37.0-ioctl (2017-09-20) initialised: dm-devel@redhat.com
[    0.663725] ledtrig-cpu: registered to indicate activity on CPUs
[    0.664929] NET: Registered protocol family 10
[    0.669500] Segment Routing with IPv6
[    0.670406] NET: Registered protocol family 17
[    0.671072] Key type dns_resolver registered
[    0.671812] mce: Using 0 MCE banks
[    0.672353] RAS: Correctable Errors collector initialized.
[    0.673126] sched_clock: Marking stable (672337740, 0)->(897886226, -225548486)
[    0.674531] registered taskstats version 1
[    0.675254] Loading compiled-in X.509 certificates
[    0.678429] Loaded X.509 cert 'Build time autogenerated kernel key: d019e8c5f4cbc828f6af43369f65a014a3a68371'
[    0.679787] zswap: loaded using pool lzo/zbud
[    0.684641] Key type big_key registered
[    0.685254] Key type trusted registered
[    0.688072] Key type encrypted registered
[    0.688639] AppArmor: AppArmor sha1 policy hashing enabled
[    0.689394] ima: No TPM chip found, activating TPM-bypass! (rc=-19)
[    0.690220] ima: Allocated hash algorithm: sha1
[    0.690907] evm: HMAC attrs: 0x1
[    0.691728]   Magic number: 8:358:142
[    0.692544] rtc_cmos rtc_cmos: setting system clock to 2020-06-17 19:08:24 UTC (1592420904)
[    0.694001] BIOS EDD facility v0.16 2004-Jun-25, 0 devices found
[    0.695042] EDD information not available.
[    0.809051] Freeing unused kernel image memory: 2432K
[    0.820074] Write protecting the kernel read-only data: 20480k
[    0.822322] Freeing unused kernel image memory: 2008K
[    0.824157] Freeing unused kernel image memory: 1880K
[    0.834453] x86/mm: Checked W+X mappings: passed, no W+X pages found.
[    0.835577] x86/mm: Checking user space page tables
[    0.842881] x86/mm: Checked W+X mappings: passed, no W+X pages found.
Loading, please wait...
starting version 237
[    0.900040] Fusion MPT base driver 3.04.20
[    0.900823] Copyright (c) 1999-2008 LSI Corporation
[    0.904011] e1000: Intel(R) PRO/1000 Network Driver - version 7.3.21-k8-NAPI
[    0.905023] e1000: Copyright (c) 1999-2006 Intel Corporation.
[    0.907526] Fusion MPT SPI Host driver 3.04.20
[    0.912297] mptbase: ioc0: Initiating bringup
[    0.927594] AVX2 version of gcm_enc/dec engaged.
[    0.928361] AES CTR mode by8 optimization enabled
[    1.024610] ioc0: LSI53C1030 A0: Capabilities={Initiator}
[    1.131144] input: ImExPS/2 Generic Explorer Mouse as /devices/platform/i8042/serio1/input/input4
[    1.275223] scsi host2: ioc0: LSI53C1030 A0, FwRev=00000000h, Ports=1, MaxQ=256, IRQ=20
[    1.449433] scsi 2:0:0:0: Direct-Access     VBOX     HARDDISK         1.0  PQ: 0 ANSI: 5
[    1.484237] scsi target2:0:0: Beginning Domain Validation
[    1.492458] scsi target2:0:0: Domain Validation skipping write tests
[    1.496142] scsi target2:0:0: Ending Domain Validation
[    1.499127] scsi target2:0:0: asynchronous
[    1.502575] scsi 2:0:1:0: Direct-Access     VBOX     HARDDISK         1.0  PQ: 0 ANSI: 5
[    1.788135] scsi target2:0:1: Beginning Domain Validation
[    1.790384] random: fast init done
[    1.791213] scsi target2:0:1: Domain Validation skipping write tests
[    1.792163] scsi target2:0:1: Ending Domain Validation
[    1.792975] scsi target2:0:1: asynchronous
[    1.796473] random: systemd-udevd: uninitialized urandom read (16 bytes read)
[    1.797470] random: systemd-udevd: uninitialized urandom read (16 bytes read)
[    1.798389] random: systemd-udevd: uninitialized urandom read (16 bytes read)
[    1.799694] sd 2:0:0:0: Attached scsi generic sg0 type 0
[    1.800460] sd 2:0:0:0: [sda] 20971520 512-byte logical blocks: (10.7 GB/10.0 GiB)
[    1.801578] sd 2:0:0:0: [sda] Write Protect is off
[    1.802321] sd 2:0:0:0: [sda] Incomplete mode parameter data
[    1.803053] sd 2:0:0:0: [sda] Assuming drive cache: write through
[    1.804448] sd 2:0:1:0: [sdb] 20480 512-byte logical blocks: (10.5 MB/10.0 MiB)
[    1.805479] sd 2:0:1:0: [sdb] Write Protect is off
[    1.806240] sd 2:0:1:0: [sdb] Incomplete mode parameter data
[    1.806996] sd 2:0:1:0: [sdb] Assuming drive cache: write through
[    1.807819] sd 2:0:1:0: Attached scsi generic sg1 type 0
[    1.810229]  sda: sda1
[    1.811334] sd 2:0:0:0: [sda] Attached SCSI disk
[    1.812739] sd 2:0:1:0: [sdb] Attached SCSI disk
[    1.824134] e1000 0000:00:03.0 eth0: (PCI:33MHz:32-bit) 02:85:4f:0b:ef:e7
[    1.825108] e1000 0000:00:03.0 eth0: Intel(R) PRO/1000 Network Connection
[    2.192674] e1000 0000:00:08.0 eth1: (PCI:33MHz:32-bit) 08:00:27:18:11:a5
[    2.193827] e1000 0000:00:08.0 eth1: Intel(R) PRO/1000 Network Connection
[    2.195823] e1000 0000:00:03.0 enp0s3: renamed from eth0
[    2.212303] e1000 0000:00:08.0 enp0s8: renamed from eth1
Begin: Loading essential drivers ... [    3.646887] raid6: sse2x1   gen() 12412 MB/s
[    3.695502] raid6: sse2x1   xor()  9219 MB/s
[    3.744060] raid6: sse2x2   gen() 14552 MB/s
[    3.792053] raid6: sse2x2   xor()  9956 MB/s
[    3.840052] raid6: sse2x4   gen() 16343 MB/s
[    3.888027] raid6: sse2x4   xor() 10858 MB/s
[    3.936031] raid6: avx2x1   gen() 23392 MB/s
[    3.984045] raid6: avx2x1   xor() 16523 MB/s
[    4.032060] raid6: avx2x2   gen() 27545 MB/s
[    4.080008] raid6: avx2x2   xor() 18002 MB/s
[    4.128056] raid6: avx2x4   gen() 28678 MB/s
[    4.176059] raid6: avx2x4   xor() 17869 MB/s
[    4.176923] raid6: using algorithm avx2x4 gen() 28678 MB/s
[    4.177912] raid6: .... xor() 17869 MB/s, rmw enabled
[    4.178930] raid6: using avx2x2 recovery algorithm
[    4.181291] xor: automatically using best checksumming function   avx       
[    4.183506] async_tx: api initialized (async)
done.
Begin: Running /scripts/init-premount ... done.
Begin: Mounting root file system ... Begin: Running /scripts/local-top ... done.
Begin: Running /scripts/local-premount ... [    4.226060] Btrfs loaded, crc32c=crc32c-intel
Scanning for Btrfs filesystems
done.
Warning: fsck not present, so skipping root file system
[    4.263466] EXT4-fs (sda1): mounted filesystem with ordered data mode. Opts: (null)
done.
Begin: Running /scripts/local-bottom ... done.
Begin: Running /scripts/init-bottom ... done.
[    4.549106] ip_tables: (C) 2000-2006 Netfilter Core Team
[    4.565296] systemd[1]: systemd 237 running in system mode. (+PAM +AUDIT +SELINUX +IMA +APPARMOR +SMACK +SYSVINIT +UTMP +LIBCRYPTSETUP +GCRYPT +GNUTLS +ACL +XZ +LZ4 +SECCOMP +BLKID +ELFUTILS +KMOD -IDN2 +IDN -PCRE2 default-hierarchy=hybrid)
[    4.570049] systemd[1]: Detected virtualization oracle.
[    4.571101] systemd[1]: Detected architecture x86-64.

Welcome to [1mUbuntu 18.04.4 LTS[0m!

[    4.576471] systemd[1]: Set hostname to <CyberAssistaceTool-LAMP>.
[    4.835711] systemd[1]: Created slice User and Session Slice.
[[0;32m  OK  [0m] Created slice User and Session Slice.
[    4.837610] systemd[1]: Created slice System Slice.
[[0;32m  OK  [0m] Created slice System Slice.
[    4.839064] systemd[1]: Listening on Journal Socket (/dev/log).
[[0;32m  OK  [0m] Listening on Journal Socket (/dev/log).
[    4.840693] systemd[1]: Listening on Device-mapper event daemon FIFOs.
[[0;32m  OK  [0m] Listening on Device-mapper event daemon FIFOs.
[    4.842477] systemd[1]: Listening on udev Control Socket.
[[0;32m  OK  [0m] Listening on udev Control Socket.
[    4.843897] systemd[1]: Reached target Swap.
[[0;32m  OK  [0m] Reached target Swap.
[[0;32m  OK  [0m] Listening on Syslog Socket.
[[0;32m  OK  [0m] Reached target System Time Synchronized.
[[0;32m  OK  [0m] Created slice system-serial\x2dgetty.slice.
[[0;32m  OK  [0m] Listening on LVM2 metadata daemon socket.
[[0;32m  OK  [0m] Listening on Journal Socket.
         Starting Set the console keyboard layout...
         Starting Remount Root and Kernel File Systems...
         Mounting Huge Pages File System...
[[0;32m  OK  [0m] Reached target Slices.
         Mounting Kernel Debug File System...
[[0;32m  OK  [0m] Listening on /dev/initctl Compatibility Named Pipe.
[[0;32m  OK  [0m] Started Forward Password Requests to Wall Directory Watch.
[[0;32m  OK  [0m] Listening on LVM2 poll daemon socket.
         Starting Monitoring of LVM2 mirrors…ng dmeventd or progress polling...
         Starting Load Kernel Modules...
[[0;32m  OK  [0m] Set up automount Arbitrary Executab…rmats File System Automount Point.
[    4.908355] EXT4-fs (sda1): re-mounted. Opts: (null)
[    4.917928] Loading iSCSI transport class v2.0-870.
[    4.923494] iscsi: registered transport (tcp)
[[0;32m  OK  [0m] Listening on Journal Audit Socket.
         Starting Journal Service...
[[0;32m  OK  [0m] Listening on Network Service Netlink Socket.
         Starting Uncomplicated firewall...
         Starting Create list of required st…ce nodes for the current kernel...
[[0;32m  OK  [0m] Reached target User and Group Name Lookups.
[[0;32m  OK  [0m] Listening on udev Kernel Socket.
         Starting udev Coldplug all Devices...
         Mounting POSIX Message Queue File System...
[[0;32m  OK  [0m] Started Remount Root and Kernel File Systems.
[[0;32m  OK  [0m] Mounted Huge Pages File System.
[[0;32m  OK  [0m] Mounted Kernel Debug File System.
[[0;32m  OK  [0m] Mounted POSIX Message Queue File System.
[[0;32m  OK  [0m] Started LVM2 metadata daemon.
[    4.967824] iscsi: registered transport (iser)
         Starting Load/Save Random Seed...
[[0;32m  OK  [0m] Started Load Kernel Modules.
[[0;32m  OK  [0m] Started Uncomplicated firewall.
[[0;32m  OK  [0m] Started Create list of required sta…vice nodes for the current kernel.
         Starting Create Static Device Nodes in /dev...
         Mounting Kernel Configuration File System...
         Mounting FUSE Control File System...
         Starting Apply Kernel Variables...
[[0;32m  OK  [0m] Mounted Kernel Configuration File System.
[[0;32m  OK  [0m] Started Journal Service.
[[0;32m  OK  [0m] Mounted FUSE Control File System.
         Starting Flush Journal to Persistent Storage...
[[0;32m  OK  [0m] Started Load/Save Random Seed.
[[0;32m  OK  [0m] Started Create Static Device Nodes in /dev.
         Starting udev Kernel Device Manager...
[[0;32m  OK  [0m] Started udev Coldplug all Devices.
[[0;32m  OK  [0m] Started Monitoring of LVM2 mirrors,…sing dmeventd or progress polling.
[[0;32m  OK  [0m] Started udev Kernel Device Manager.
[[0;32m  OK  [0m] Started Apply Kernel Variables.
[[0;32m  OK  [0m] Started Set the console keyboard layout.
[[0;32m  OK  [0m] Reached target Local File Systems (Pre).
[[0;32m  OK  [0m] Reached target Local File Systems.
         Starting Tell Plymouth To Write Out Runtime Data...
         Starting ebtables ruleset management...
         Starting AppArmor initialization...
         Starting Set console font and keymap...
[[0;32m  OK  [0m] Started Dispatch Password Requests to Console Directory Watch.
[[0;32m  OK  [0m] Reached target Local Encrypted Volumes.
[[0;32m  OK  [0m] Started Flush Journal to Persistent Storage.
[[0;32m  OK  [0m] Started Tell Plymouth To Write Out Runtime Data.
         Starting Create Volatile Files and Directories...
[[0;32m  OK  [0m] Started Set console font and keymap.
[[0;32m  OK  [0m] Started Create Volatile Files and Directories.
         Starting Update UTMP about System Boot/Shutdown...
[[0;32m  OK  [0m] Started Update UTMP about System Boot/Shutdown.
[[0;32m  OK  [0m] Started ebtables ruleset management.
[[0;32m  OK  [0m] Found device /dev/ttyS0.
[[0;32m  OK  [0m] Listening on Load/Save RF Kill Switch Status /dev/rfkill Watch.
[[0;32m  OK  [0m] Started AppArmor initialization.
         Starting Initial cloud-init job (pre-networking)...
[    6.531643] cloud-init[541]: Cloud-init v. 19.4-33-gbb4131a2-0ubuntu1~18.04.1 running 'init-local' at Wed, 17 Jun 2020 19:08:30 +0000. Up 6.33 seconds.
[[0;32m  OK  [0m] Started Initial cloud-init job (pre-networking).
[[0;32m  OK  [0m] Reached target Network (Pre).
         Starting Network Service...
[[0;32m  OK  [0m] Started Network Service.
         Starting Network Name Resolution...
         Starting Wait for Network to be Configured...
[[0;32m  OK  [0m] Started Network Name Resolution.
[[0;32m  OK  [0m] Reached target Network.
[[0;32m  OK  [0m] Reached target Host and Network Name Lookups.
[[0;32m  OK  [0m] Started Wait for Network to be Configured.
         Starting Initial cloud-init job (metadata service crawler)...
[    8.979608] cloud-init[667]: Cloud-init v. 19.4-33-gbb4131a2-0ubuntu1~18.04.1 running 'init' at Wed, 17 Jun 2020 19:08:32 +0000. Up 8.85 seconds.
[    8.992327] cloud-init[667]: ci-info: ++++++++++++++++++++++++++++++++++++++Net device info+++++++++++++++++++++++++++++++++++++++
[    9.004136] cloud-init[667]: ci-info: +--------+------+-----------------------------+---------------+--------+-------------------+
[    9.005467] cloud-init[667]: ci-info: | Device |  Up  |           Address           |      Mask     | Scope  |     Hw-Address    |
[    9.006903] cloud-init[667]: ci-info: +--------+------+-----------------------------+---------------+--------+-------------------+
[    9.008363] cloud-init[667]: ci-info: | enp0s3 | True |          10.0.2.15          | 255.255.255.0 | global | 02:85:4f:0b:ef:e7 |
[    9.009532] cloud-init[667]: ci-info: | enp0s3 | True |  fe80::85:4fff:fe0b:efe7/64 |       .       |  link  | 02:85:4f:0b:ef:e7 |
[    9.010671] cloud-init[667]: ci-info: | enp0s8 | True |         10.10.10.10         | 255.255.255.0 | global | 08:00:27:18:11:a5 |
[    9.011816] cloud-init[667]: ci-info: | enp0s8 | True | fe80::a00:27ff:fe18:11a5/64 |       .       |  link  | 08:00:27:18:11:a5 |
[    9.012920] cloud-init[667]: ci-info: |   lo   | True |          127.0.0.1          |   255.0.0.0   |  host  |         .         |
[    9.014020] cloud-init[667]: ci-info: |   lo   | True |           ::1/128           |       .       |  host  |         .         |
[    9.015087] cloud-init[667]: ci-info: +--------+------+-----------------------------+---------------+--------+-------------------+
[    9.016192] cloud-init[667]: ci-info: ++++++++++++++++++++++++++++Route IPv4 info+++++++++++++++++++++++++++++
[    9.017200] cloud-init[667]: ci-info: +-------+-------------+----------+-----------------+-----------+-------+
[    9.018158] cloud-init[667]: ci-info: | Route | Destination | Gateway  |     Genmask     | Interface | Flags |
[    9.019233] cloud-init[667]: ci-info: +-------+-------------+----------+-----------------+-----------+-------+
[    9.020140] cloud-init[667]: ci-info: |   0   |   0.0.0.0   | 10.0.2.2 |     0.0.0.0     |   enp0s3  |   UG  |
[    9.021127] cloud-init[667]: ci-info: |   1   |   10.0.2.0  | 0.0.0.0  |  255.255.255.0  |   enp0s3  |   U   |
[    9.021957] cloud-init[667]: ci-info: |   2   |   10.0.2.2  | 0.0.0.0  | 255.255.255.255 |   enp0s3  |   UH  |
[    9.022871] cloud-init[667]: ci-info: |   3   |  10.10.10.0 | 0.0.0.0  |  255.255.255.0  |   enp0s8  |   U   |
[    9.023634] cloud-init[667]: ci-info: +-------+-------------+----------+-----------------+-----------+-------+
[    9.024444] cloud-init[667]: ci-info: +++++++++++++++++++Route IPv6 info+++++++++++++++++++
[    9.025147] cloud-init[667]: ci-info: +-------+-------------+---------+-----------+-------+
[    9.025920] cloud-init[667]: ci-info: | Route | Destination | Gateway | Interface | Flags |
[    9.026652] cloud-init[667]: ci-info: +-------+-------------+---------+-----------+-------+
[    9.027349] cloud-init[667]: ci-info: |   1   |  fe80::/64  |    ::   |   enp0s8  |   U   |
[    9.028054] cloud-init[667]: ci-info: |   2   |  fe80::/64  |    ::   |   enp0s3  |   U   |
[    9.028878] cloud-init[667]: ci-info: |   4   |    local    |    ::   |   enp0s3  |   U   |
[    9.029533] cloud-init[667]: ci-info: |   5   |    local    |    ::   |   enp0s8  |   U   |
[    9.030234] cloud-init[667]: ci-info: |   6   |   ff00::/8  |    ::   |   enp0s8  |   U   |
[    9.031111] cloud-init[667]: ci-info: |   7   |   ff00::/8  |    ::   |   enp0s3  |   U   |
[    9.032054] cloud-init[667]: ci-info: +-------+-------------+---------+-----------+-------+
[[0;32m  OK  [0m] Started Initial cloud-init job (metadata service crawler).
[[0;32m  OK  [0m] Reached target Network is Online.
         Starting Availability of block devices...
[[0;32m  OK  [0m] Reached target Remote File Systems (Pre).
[[0;32m  OK  [0m] Reached target Remote File Systems.
[[0;32m  OK  [0m] Reached target System Initialization.
[[0;32m  OK  [0m] Listening on Open-iSCSI iscsid Socket.
[[0;32m  OK  [0m] Started Message of the Day.
[[0;32m  OK  [0m] Started ACPI Events Check.
         Starting Socket activation for snappy daemon.
[[0;32m  OK  [0m] Started Daily apt download activities.
[[0;32m  OK  [0m] Started Clean PHP session files every 30 mins.
[[0;32m  OK  [0m] Listening on ACPID Listen Socket.
[[0;32m  OK  [0m] Started Daily apt upgrade and clean activities.
[[0;32m  OK  [0m] Listening on D-Bus System Message Bus Socket.
[[0;32m  OK  [0m] Listening on UUID daemon activation socket.
[[0;32m  OK  [0m] Reached target Paths.
[[0;32m  OK  [0m] Started Daily Cleanup of Temporary Directories.
[[0;32m  OK  [0m] Started Discard unused blocks once a week.
[[0;32m  OK  [0m] Reached target Timers.
         Starting LXD - unix socket.
[[0;32m  OK  [0m] Reached target Cloud-config availability.
[[0;32m  OK  [0m] Started Availability of block devices.
[[0;32m  OK  [0m] Listening on Socket activation for snappy daemon.
[[0;32m  OK  [0m] Listening on LXD - unix socket.
[[0;32m  OK  [0m] Reached target Sockets.
[[0;32m  OK  [0m] Reached target Basic System.
         Starting OpenBSD Secure Shell server...
         Starting Login Service...
[[0;32m  OK  [0m] Started Regular background program processing daemon.
         Starting Clean php session files...
[[0;32m  OK  [0m] Started Deferred execution scheduler.
         Starting LSB: Record successful boot for GRUB...
[[0;32m  OK  [0m] Started irqbalance daemon.
         Starting The Apache HTTP Server...
         Starting MySQL Community Server...
         Starting System Logging Service...
         Starting Virtualbox guest utils...
         Starting Permit User Sessions...
         Starting LXD - container startup/shutdown...
         Starting Message of the Day...
[[0;32m  OK  [0m] Started D-Bus System Message Bus.
[[0;32m  OK  [0m] Started FUSE filesystem for LXC.
         Starting Dispatcher daemon for systemd-networkd...
         Starting Accounts Service...
         Starting LSB: automatic crash report generation...
         Starting Snappy daemon...
[[0;32m  OK  [0m] Started System Logging Service.
[[0;32m  OK  [0m] Started Permit User Sessions.
[[0;32m  OK  [0m] Started Login Service.
[[0;32m  OK  [0m] Started Unattended Upgrades Shutdown.
         Starting Terminate Plymouth Boot Screen...
         Starting Hold until boot process finishes up...
[[0;32m  OK  [0m] Started Hold until boot process finishes up.
[[0;32m  OK  [0m] Started Serial Getty on ttyS0.
         Starting Set console scheme...
[[0;32m  OK  [0m] Started Terminate Plymouth Boot Screen.
[[0;32m  OK  [0m] Started OpenBSD Secure Shell server.
[[0;32m  OK  [0m] Started Set console scheme.
[[0;32m  OK  [0m] Created slice system-getty.slice.
[[0;32m  OK  [0m] Started Getty on tty1.
[[0;32m  OK  [0m] Reached target Login Prompts.
[[0;32m  OK  [0m] Started LSB: automatic crash report generation.
[[0;32m  OK  [0m] Started LSB: Record successful boot for GRUB.
[[0;32m  OK  [0m] Started Virtualbox guest utils.
[[0;32m  OK  [0m] Started LXD - container startup/shutdown.
         Starting Authorization Manager...
[[0;32m  OK  [0m] Started Authorization Manager.
[[0;32m  OK  [0m] Started Accounts Service.
[[0;32m  OK  [0m] Started Dispatcher daemon for systemd-networkd.
[[0;32m  OK  [0m] Started The Apache HTTP Server.
[[0;32m  OK  [0m] Started Clean php session files.
[[0;32m  OK  [0m] Started Snappy daemon.
         Starting Wait until snapd is fully seeded...
[[0;32m  OK  [0m] Started Wait until snapd is fully seeded.
         Starting Apply the settings specified in cloud-config...
[[0;32m  OK  [0m] Started Message of the Day.
[[0;32m  OK  [0m] Started MySQL Community Server.
[[0;32m  OK  [0m] Reached target Multi-User System.
[[0;32m  OK  [0m] Reached target Graphical Interface.
         Starting Update UTMP about System Runlevel Changes...
[[0;32m  OK  [0m] Started Update UTMP about System Runlevel Changes.
[   11.648278] cloud-init[1253]: Cloud-init v. 19.4-33-gbb4131a2-0ubuntu1~18.04.1 running 'modules:config' at Wed, 17 Jun 2020 19:08:35 +0000. Up 11.56 seconds.
[[0;32m  OK  [0m] Started Apply the settings specified in cloud-config.
         Starting Execute cloud user/final scripts...
[[0;32m  OK  [0m] Created slice User Slice of vagrant.
         Starting User Manager for UID 1000...
[[0;32m  OK  [0m] Started Session 1 of user vagrant.
[[0;32m  OK  [0m] Started User Manager for UID 1000.
[   12.171487] cloud-init[1326]: Cloud-init v. 19.4-33-gbb4131a2-0ubuntu1~18.04.1 running 'modules:final' at Wed, 17 Jun 2020 19:08:35 +0000. Up 12.02 seconds.
[   12.172814] cloud-init[1326]: Cloud-init v. 19.4-33-gbb4131a2-0ubuntu1~18.04.1 finished at Wed, 17 Jun 2020 19:08:35 +0000. Datasource DataSourceNoCloud [seed=/dev/sdb][dsmode=net].  Up 12.15 seconds
[[0;32m  OK  [0m] Started Execute cloud user/final scripts.
[[0;32m  OK  [0m] Reached target Cloud-init target.
         Starting Daily apt download activities...

Ubuntu 18.04.4 LTS CyberAssistaceTool-LAMP ttyS0

CyberAssistaceTool-LAMP login:          Stopping Session 5 of user vagrant.
[[0;32m  OK  [0m] Stopped target Timers.
[[0;32m  OK  [0m] Stopped Daily apt upgrade and clean activities.
[[0;32m  OK  [0m] Stopped Daily apt download activities.
[[0;32m  OK  [0m] Stopped Message of the Day.
         Stopping Authorization Manager...
[[0;32m  OK  [0m] Closed Load/Save RF Kill Switch Status /dev/rfkill Watch.
[[0;32m  OK  [0m] Stopped target Graphical Interface.
         Stopping Accounts Service...
         Stopping Availability of block devices...
[[0;32m  OK  [0m] Stopped Discard unused blocks once a week.
         Stopping User Manager for UID 1000...
[[0;32m  OK  [0m] Stopped Daily Cleanup of Temporary Directories.
[[0;32m  OK  [0m] Stopped Clean PHP session files every 30 mins.
[[0;32m  OK  [0m] Stopped target System Time Synchronized.
[[0;32m  OK  [0m] Stopped target Cloud-init target.
[[0;32m  OK  [0m] Stopped Execute cloud user/final scripts.
[[0;32m  OK  [0m] Stopped target Multi-User System.
         Stopping Dispatcher daemon for systemd-networkd...
         Stopping Virtualbox guest utils...
         Stopping The Apache HTTP Server...
         Stopping irqbalance daemon...
         Stopping LXD - container startup/shutdown...
         Stopping LSB: automatic crash report generation...
         Stopping Unattended Upgrades Shutdown...
         Stopping System Logging Service...
         Stopping Deferred execution scheduler...
         Stopping OpenBSD Secure Shell server...
         Stopping LSB: Record successful boot for GRUB...
         Stopping MySQL Community Server...
         Stopping D-Bus System Message Bus...
         Stopping FUSE filesystem for LXC...
         Stopping Regular background program processing daemon...
[[0;32m  OK  [0m] Stopped target Login Prompts.
         Stopping Serial Getty on ttyS0...
         Stopping Getty on tty1...
[[0;32m  OK  [0m] Stopped Apply the settings specified in cloud-config.
[[0;32m  OK  [0m] Stopped target Network is Online.
[[0;32m  OK  [0m] Stopped target Cloud-config availability.
[[0;32m  OK  [0m] Stopped Wait until snapd is fully seeded.
[[0;32m  OK  [0m] Unmounted /var/lib/lxcfs.
[[0;32m  OK  [0m] Stopped Regular background program processing daemon.
[[0;32m  OK  [0m] Stopped Deferred execution scheduler.
[[0;32m  OK  [0m] Stopped irqbalance daemon.
[[0;32m  OK  [0m] Stopped System Logging Service.
[[0;32m  OK  [0m] Stopped Dispatcher daemon for systemd-networkd.
[[0;32m  OK  [0m] Stopped Accounts Service.
[[0;32m  OK  [0m] Stopped OpenBSD Secure Shell server.
[[0;32m  OK  [0m] Stopped Serial Getty on ttyS0.
[[0;32m  OK  [0m] Stopped Getty on tty1.
[[0;32m  OK  [0m] Stopped Unattended Upgrades Shutdown.
[[0;32m  OK  [0m] Stopped Authorization Manager.
[[0;32m  OK  [0m] Stopped User Manager for UID 1000.
[[0;32m  OK  [0m] Stopped D-Bus System Message Bus.
[[0;32m  OK  [0m] Stopped FUSE filesystem for LXC.
[[0;32m  OK  [0m] Stopped Session 5 of user vagrant.
[[0;32m  OK  [0m] Removed slice User Slice of vagrant.
         Stopping Login Service...
[[0;32m  OK  [0m] Removed slice system-getty.slice.
[[0;32m  OK  [0m] Removed slice system-serial\x2dgetty.slice.
         Stopping Permit User Sessions...
[[0;32m  OK  [0m] Stopped LSB: automatic crash report generation.
[[0;32m  OK  [0m] Stopped LSB: Record successful boot for GRUB.
[[0;32m  OK  [0m] Stopped Permit User Sessions.
[[0;32m  OK  [0m] Stopped LXD - container startup/shutdown.
[[0;32m  OK  [0m] Stopped Virtualbox guest utils.
[[0;32m  OK  [0m] Stopped Availability of block devices.
[[0;32m  OK  [0m] Stopped Login Service.
[[0;32m  OK  [0m] Stopped target User and Group Name Lookups.
[[0;32m  OK  [0m] Stopped The Apache HTTP Server.
[[0;32m  OK  [0m] Stopped target Remote File Systems.
[[0;32m  OK  [0m] Stopped target Remote File Systems (Pre).
[[0;32m  OK  [0m] Stopped target Host and Network Name Lookups.
[[0;32m  OK  [0m] Stopped MySQL Community Server.
[[0;32m  OK  [0m] Stopped target Network.
         Stopping Network Name Resolution...
[[0;32m  OK  [0m] Stopped target Basic System.
[[0;32m  OK  [0m] Stopped target Sockets.
[[0;32m  OK  [0m] Closed Syslog Socket.
[[0;32m  OK  [0m] Closed Socket activation for snappy daemon.
[[0;32m  OK  [0m] Closed Open-iSCSI iscsid Socket.
[[0;32m  OK  [0m] Closed ACPID Listen Socket.
[[0;32m  OK  [0m] Closed D-Bus System Message Bus Socket.
[[0;32m  OK  [0m] Closed LXD - unix socket.
[[0;32m  OK  [0m] Closed UUID daemon activation socket.
[[0;32m  OK  [0m] Stopped target Paths.
[[0;32m  OK  [0m] Stopped ACPI Events Check.
[[0;32m  OK  [0m] Stopped target Slices.
[[0;32m  OK  [0m] Removed slice User and Session Slice.
[[0;32m  OK  [0m] Stopped target System Initialization.
         Stopping Load/Save Random Seed...
         Stopping Update UTMP about System Boot/Shutdown...
[[0;32m  OK  [0m] Stopped Initial cloud-init job (metadata service crawler).
[[0;32m  OK  [0m] Stopped target Local Encrypted Volumes.
[[0;32m  OK  [0m] Stopped Dispatch Password Requests to Console Directory Watch.
[[0;32m  OK  [0m] Stopped Forward Password Requests to Wall Directory Watch.
[[0;32m  OK  [0m] Stopped Network Name Resolution.
[[0;32m  OK  [0m] Stopped Load/Save Random Seed.
         Stopping Network Service...
[[0;32m  OK  [0m] Stopped Update UTMP about System Boot/Shutdown.
[[0;32m  OK  [0m] Stopped Create Volatile Files and Directories.
[[0;32m  OK  [0m] Stopped target Local File Systems.
         Unmounting /tmp/vagrant-cache...
         Unmounting /run/user/1000...
         Unmounting /vagrant...
[[0;32m  OK  [0m] Unmounted /tmp/vagrant-cache.
[[0;32m  OK  [0m] Unmounted /vagrant.
[[0;32m  OK  [0m] Unmounted /run/user/1000.
[[0;32m  OK  [0m] Stopped target Swap.
[[0;32m  OK  [0m] Reached target Unmount All Filesystems.
[[0;32m  OK  [0m] Stopped target Local File Systems (Pre).
         Stopping Monitoring of LVM2 mirrors…ng dmeventd or progress polling...
[[0;32m  OK  [0m] Stopped Create Static Device Nodes in /dev.
[[0;32m  OK  [0m] Stopped Network Service.
[[0;32m  OK  [0m] Stopped target Network (Pre).
[[0;32m  OK  [0m] Stopped Initial cloud-init job (pre-networking).
[[0;32m  OK  [0m] Stopped Remount Root and Kernel File Systems.
[[0;32m  OK  [0m] Stopped Apply Kernel Variables.
[[0;32m  OK  [0m] Stopped Load Kernel Modules.
[[0;32m  OK  [0m] Reached target Shutdown.
[[0;32m  OK  [0m] Reached target Final Step.
         Starting Power-Off...
[  653.611546] reboot: Power down
